<?xml version="1.0" encoding="UTF-8"?>
<testng-results skipped="0" failed="0" ignored="0" total="1" passed="1">
  <reporter-output>
  </reporter-output>
  <suite name="Default suite" duration-ms="3746" started-at="2023-04-08T16:29:06Z" finished-at="2023-04-08T16:29:10Z">
    <groups>
    </groups>
    <test name="Default test" duration-ms="3746" started-at="2023-04-08T16:29:06Z" finished-at="2023-04-08T16:29:10Z">
      <class name="test1.monthdropdown">
        <test-method status="PASS" signature="usershouldbeabletoseemonthdropdown()[pri:0, instance:test1.monthdropdown@2f112965]" name="usershouldbeabletoseemonthdropdown" duration-ms="3733" started-at="2023-04-08T16:29:06Z" finished-at="2023-04-08T16:29:10Z">
          <reporter-output>
          </reporter-output>
        </test-method> <!-- usershouldbeabletoseemonthdropdown -->
      </class> <!-- test1.monthdropdown -->
    </test> <!-- Default test -->
  </suite> <!-- Default suite -->
</testng-results>
